# JRE version: Java(TM) SE Runtime Environment (19.0.2+7) (build 19.0.2+7-44)
# Java VM: Java HotSpot(TM) 64-Bit Server VM (19.0.2+7-44, mixed mode, sharing, tiered, compressed oops, compressed class ptrs, g1 gc, windows-amd64)
GC Precious Log:
 CardTable entry size: 512
 Card Set container configuration: InlinePtr #cards 4 size 8 Array Of Cards #cards 16 size 48 Howl #buckets 8 coarsen threshold 3686 Howl Bitmap #cards 512 size 80 coarsen threshold 460 Card regions per heap region 1 cards per card region 4096
 CPUs: 8 total, 8 available
 Memory: 16065M
 Large Page Support: Disabled
 NUMA Support: Disabled
 Compressed Oops: Enabled (Zero based)
 Heap Region Size: 2M
 Heap Min Capacity: 8M
 Heap Initial Capacity: 252M
 Heap Max Capacity: 4018M
 Pre-touch: Disabled
 Parallel Workers: 8
 Concurrent Workers: 2
 Concurrent Refinement Workers: 8
 Periodic GC: Disabled
Heap:
 garbage-first heap   total 65536K, used 44437K [0x0000000704e00000, 0x0000000800000000)
  region size 2048K, 8 young (16384K), 2 survivors (4096K)
 Metaspace       used 34711K, committed 35200K, reserved 1114112K
  class space    used 4645K, committed 4864K, reserved 1048576K
GC Heap History (14 events):
Event: 0.845 GC heap before
{Heap before GC invocations=0 (full 0):
 garbage-first heap   total 258048K, used 22528K [0x0000000704e00000, 0x0000000800000000)
  region size 2048K, 11 young (22528K), 0 survivors (0K)
 Metaspace       used 3376K, committed 3584K, reserved 1114112K
  class space    used 348K, committed 448K, reserved 1048576K
}
Event: 0.848 GC heap after
{Heap after GC invocations=1 (full 0):
 garbage-first heap   total 258048K, used 2303K [0x0000000704e00000, 0x0000000800000000)
  region size 2048K, 2 young (4096K), 2 survivors (4096K)
 Metaspace       used 3376K, committed 3584K, reserved 1114112K
  class space    used 348K, committed 448K, reserved 1048576K
}
Event: 1.951 GC heap before
{Heap before GC invocations=1 (full 0):
 garbage-first heap   total 258048K, used 39167K [0x0000000704e00000, 0x0000000800000000)
  region size 2048K, 21 young (43008K), 2 survivors (4096K)
 Metaspace       used 14363K, committed 14656K, reserved 1114112K
  class space    used 2153K, committed 2304K, reserved 1048576K
}
Event: 1.957 GC heap after
{Heap after GC invocations=2 (full 0):
 garbage-first heap   total 258048K, used 8149K [0x0000000704e00000, 0x0000000800000000)
  region size 2048K, 3 young (6144K), 3 survivors (6144K)
 Metaspace       used 14363K, committed 14656K, reserved 1114112K
  class space    used 2153K, committed 2304K, reserved 1048576K
}
Event: 3.463 GC heap before
{Heap before GC invocations=2 (full 0):
 garbage-first heap   total 258048K, used 32725K [0x0000000704e00000, 0x0000000800000000)
  region size 2048K, 16 young (32768K), 3 survivors (6144K)
 Metaspace       used 21144K, committed 21504K, reserved 1114112K
  class space    used 2877K, committed 3072K, reserved 1048576K
}
Event: 3.470 GC heap after
{Heap after GC invocations=3 (full 0):
 garbage-first heap   total 258048K, used 12245K [0x0000000704e00000, 0x0000000800000000)
  region size 2048K, 4 young (8192K), 4 survivors (8192K)
 Metaspace       used 21144K, committed 21504K, reserved 1114112K
  class space    used 2877K, committed 3072K, reserved 1048576K
}
Event: 4.480 GC heap before
{Heap before GC invocations=4 (full 0):
 garbage-first heap   total 49152K, used 49109K [0x0000000704e00000, 0x0000000800000000)
  region size 2048K, 22 young (45056K), 4 survivors (8192K)
 Metaspace       used 25210K, committed 25536K, reserved 1114112K
  class space    used 3568K, committed 3712K, reserved 1048576K
}
Event: 4.493 GC heap after
{Heap after GC invocations=5 (full 0):
 garbage-first heap   total 65536K, used 19849K [0x0000000704e00000, 0x0000000800000000)
  region size 2048K, 8 young (16384K), 8 survivors (16384K)
 Metaspace       used 25210K, committed 25536K, reserved 1114112K
  class space    used 3568K, committed 3712K, reserved 1048576K
}
Event: 8.602 GC heap before
{Heap before GC invocations=5 (full 0):
 garbage-first heap   total 65536K, used 40329K [0x0000000704e00000, 0x0000000800000000)
  region size 2048K, 18 young (36864K), 8 survivors (16384K)
 Metaspace       used 29521K, committed 29888K, reserved 1114112K
  class space    used 3953K, committed 4096K, reserved 1048576K
}
Event: 8.616 GC heap after
{Heap after GC invocations=6 (full 0):
 garbage-first heap   total 65536K, used 24952K [0x0000000704e00000, 0x0000000800000000)
  region size 2048K, 3 young (6144K), 3 survivors (6144K)
 Metaspace       used 29521K, committed 29888K, reserved 1114112K
  class space    used 3953K, committed 4096K, reserved 1048576K
}
Event: 9.678 GC heap before
{Heap before GC invocations=6 (full 0):
 garbage-first heap   total 65536K, used 43384K [0x0000000704e00000, 0x0000000800000000)
  region size 2048K, 12 young (24576K), 3 survivors (6144K)
 Metaspace       used 32685K, committed 33152K, reserved 1114112K
  class space    used 4292K, committed 4480K, reserved 1048576K
}
Event: 9.686 GC heap after
{Heap after GC invocations=7 (full 0):
 garbage-first heap   total 65536K, used 29725K [0x0000000704e00000, 0x0000000800000000)
  region size 2048K, 2 young (4096K), 2 survivors (4096K)
 Metaspace       used 32685K, committed 33152K, reserved 1114112K
  class space    used 4292K, committed 4480K, reserved 1048576K
}
Event: 10.096 GC heap before
{Heap before GC invocations=7 (full 0):
 garbage-first heap   total 65536K, used 44061K [0x0000000704e00000, 0x0000000800000000)
  region size 2048K, 9 young (18432K), 2 survivors (4096K)
 Metaspace       used 33852K, committed 34368K, reserved 1114112K
  class space    used 4521K, committed 4736K, reserved 1048576K
}
Event: 10.101 GC heap after
{Heap after GC invocations=8 (full 0):
 garbage-first heap   total 65536K, used 34197K [0x0000000704e00000, 0x0000000800000000)
  region size 2048K, 2 young (4096K), 2 survivors (4096K)
 Metaspace       used 33852K, committed 34368K, reserved 1114112K
  class space    used 4521K, committed 4736K, reserved 1048576K
}

